app/build/outputs/logs/manifest-merger-debug-report.txt
-- Merging decision tree log ---
manifest
ADDED from AndroidManifest.xml:2:1
	package
		ADDED from AndroidManifest.xml:3:5
		INJECTED from AndroidManifest.xml:0:0
		INJECTED from AndroidManifest.xml:0:0
	android:versionName
		INJECTED from AndroidManifest.xml:0:0
		INJECTED from AndroidManifest.xml:0:0
	xmlns:android
		ADDED from AndroidManifest.xml:2:11
	android:versionCode
		INJECTED from AndroidManifest.xml:0:0
		INJECTED from AndroidManifest.xml:0:0
application
ADDED from AndroidManifest.xml:5:5
MERGED from com.android.support:appcompat-v7:23.2.1:25:5
MERGED from com.android.support:support-v4:23.2.1:22:5
MERGED from com.android.support:animated-vector-drawable:23.2.1:7:5
MERGED from com.android.support:support-vector-drawable:23.2.1:7:5
MERGED from com.android.support:support-v4:23.2.1:22:5
MERGED from com.android.support:support-vector-drawable:23.2.1:7:5
MERGED from com.android.support:support-v4:23.2.1:22:5
MERGED from com.android.support:design:23.2.1:22:5
MERGED from com.android.support:support-v4:23.2.1:22:5
MERGED from com.android.support:appcompat-v7:23.2.1:25:5
MERGED from com.android.support:support-v4:23.2.1:22:5
MERGED from com.android.support:animated-vector-drawable:23.2.1:7:5
MERGED from com.android.support:support-vector-drawable:23.2.1:7:5
MERGED from com.android.support:support-v4:23.2.1:22:5
MERGED from com.android.support:support-vector-drawable:23.2.1:7:5
MERGED from com.android.support:support-v4:23.2.1:22:5
MERGED from com.android.support:support-v4:23.2.1:22:5
	android:label
		ADDED from AndroidManifest.xml:8:9
	android:allowBackup
		ADDED from AndroidManifest.xml:6:9
	android:icon
		ADDED from AndroidManifest.xml:7:9
	android:theme
		ADDED from AndroidManifest.xml:9:9
activity#com.danielme.mdtabs.MainActivity
ADDED from AndroidManifest.xml:10:9
	android:name
		ADDED from AndroidManifest.xml:11:13
intent-filter#android.intent.action.MAIN+android.intent.category.LAUNCHER
ADDED from AndroidManifest.xml:12:13
action#android.intent.action.MAIN
ADDED from AndroidManifest.xml:13:17
	android:name
		ADDED from AndroidManifest.xml:13:25
category#android.intent.category.LAUNCHER
ADDED from AndroidManifest.xml:15:17
	android:name
		ADDED from AndroidManifest.xml:15:27
uses-sdk
INJECTED from AndroidManifest.xml:0:0 reason: use-sdk injection requested
MERGED from com.android.support:appcompat-v7:23.2.1:21:5
MERGED from com.android.support:support-v4:23.2.1:20:5
MERGED from com.android.support:animated-vector-drawable:23.2.1:5:5
MERGED from com.android.support:support-vector-drawable:23.2.1:5:5
MERGED from com.android.support:support-v4:23.2.1:20:5
MERGED from com.android.support:support-vector-drawable:23.2.1:5:5
MERGED from com.android.support:support-v4:23.2.1:20:5
MERGED from com.android.support:design:23.2.1:20:5
MERGED from com.android.support:support-v4:23.2.1:20:5
MERGED from com.android.support:appcompat-v7:23.2.1:21:5
MERGED from com.android.support:support-v4:23.2.1:20:5
MERGED from com.android.support:animated-vector-drawable:23.2.1:5:5
MERGED from com.android.support:support-vector-drawable:23.2.1:5:5
MERGED from com.android.support:support-v4:23.2.1:20:5
MERGED from com.android.support:support-vector-drawable:23.2.1:5:5
MERGED from com.android.support:support-v4:23.2.1:20:5
MERGED from com.android.support:recyclerview-v7:23.2.1:20:5
MERGED from com.android.support:support-v4:23.2.1:20:5
	tools:overrideLibrary
		ADDED from com.android.support:appcompat-v7:23.2.1:23:9
	android:targetSdkVersion
		INJECTED from AndroidManifest.xml:0:0
		INJECTED from AndroidManifest.xml:0:0
	android:minSdkVersion
		INJECTED from AndroidManifest.xml:0:0
		INJECTED from AndroidManifest.xml:0:0